[backblue.gif]
[fade.gif]
[index.html]
[heyleia.com/images/favicon.png]
[code.jquery.com/jquery-latest.min.js]
[maxcdn.bootstrapcdn.com/bootstrap/3.3.5/js/bootstrap.min.js]
[use.fontawesome.com/releases/v5.0.8/css/all.css]
[heyleia.com/js/analytics.js]
[heyleia.com/js/swal.min.js]
[edrop1.site.live/lib/fancybox/jquery.fancybox-1.3.4.pack2d6e.js]
[edrop1.site.live/lib/fancybox/jquery.easing-1.3.pack.js]
[edrop1.site.live/lib/fancybox/jquery.mousewheel-3.0.4.pack.js]
[edrop1.site.live/img/IRoUm-l8TrF-kXyuX-jlIMT-7YLoZ.png]
[edrop1.site.live/img/cab-D4Hws-8YNrQ-WhXKt-oOXy0-Vgkxp.jpg]
[edrop1.site.live/img/zDBqx-TZV74-jQ3r7-yprDh-IuXu1.jpg]
[edrop1.site.live/img/cab-lft1I-0GxLR-EoKl8-stbJZ-8HrHz.jpg]
[edrop1.site.live/img/BvC3X-9cm5U-vVjP2-dYSlJ-PHYsg.jpg]
[edrop1.site.live/img/GfFyJ-kTD6c-78nrD-ggYw7-8yFqf.jpg]
[edrop1.site.live/img/RRUgE-Kouql-rv6Ml-6UJky-hEPOl.jpg]
[edrop1.site.live/img/rMDYM-4xQGn-kHiaE-qPVGx-wgijt.jpg]
[edrop1.site.live/img/eE6H0-aXryH-eR5vA-q00kW-UcW1T.jpg]
[edrop1.site.live/img/jpL8V-TuNPf-dUame-Zg82z-hkVBe.jpg]
[edrop1.site.live/img/cab-AEXxs-IkFMi-WyhIg-WiSWF-PYM7v.jpg]
[heyleia.com/images/poweredBy.png]
[edrop1.site.live/index.html]
[fonts.googleapis.com/cssf44d.css]
[fonts.googleapis.com/cssaca0.css]
[fonts.googleapis.com/css0974.css]
[fonts.googleapis.com/css3de3.css]
[edrop1.site.live/_/img/mJyJn-4IrgR-Rxy3D-2l45Y-ymzeg.html]
[edrop1.site.live/_/img/cab-lft1I-0GxLR-EoKl8-stbJZ-8HrHz.html]
[maxcdn.bootstrapcdn.com/bootstrap/3.3.5/js/bootstrap.min.js]
[use.fontawesome.com/releases/v5.0.8/webfonts/fa-brands-400.svg]
[use.fontawesome.com/releases/v5.0.8/webfonts/fa-regular-400.svg]
[use.fontawesome.com/releases/v5.0.8/css/all.css]
[use.fontawesome.com/releases/v5.0.8/webfonts/fa-solid-900.svg]
[edrop1.site.live/css/bootstrap.min.css]
[heyleia.com/css/sweetalert.css]
[heyleia.com/css/leia.css]
[edrop1.site.live/_/img/cab-lft1I-0GxLR-EoKl8-stbJZ-8HrHz.html]
[use.fontawesome.com/releases/v5.0.8/webfonts/fa-brands-400.svg]
[use.fontawesome.com/releases/v5.0.8/webfonts/fa-regular-400.svg]
[use.fontawesome.com/releases/v5.0.8/webfonts/fa-solid-900.svg]
[edrop1.site.live/fonts/glyphicons-halflings-regular.html]
[edrop1.site.live/fonts/glyphicons-halflings-regulard41d.html]
[edrop1.site.live/fonts/glyphicons-halflings-regular-2.html]
[edrop1.site.live/fonts/glyphicons-halflings-regular-3.html]
[edrop1.site.live/fonts/glyphicons-halflings-regular-4.html]
